  Actor.cpp
  Camera.cpp
  DirectionalLight.cpp
  Engine.cpp
D:\OpenGL\Projects\OpenGLGame\OpenGLGame\Source\Window.h(15,42): warning C4244: 'return': conversion from 'const GLint' to 'GLfloat', possible loss of data
D:\OpenGL\Projects\OpenGLGame\OpenGLGame\Source\Window.h(16,43): warning C4244: 'return': conversion from 'const GLint' to 'GLfloat', possible loss of data
D:\OpenGL\Projects\OpenGLGame\OpenGLGame\Source\Engine.cpp(57,14): warning C4244: 'initializing': conversion from 'double' to 'GLfloat', possible loss of data
  Frog.cpp
  Light.cpp
  main.cpp
D:\OpenGL\Projects\OpenGLGame\OpenGLGame\Source\Window.h(15,42): warning C4244: 'return': conversion from 'const GLint' to 'GLfloat', possible loss of data
D:\OpenGL\Projects\OpenGLGame\OpenGLGame\Source\Window.h(16,43): warning C4244: 'return': conversion from 'const GLint' to 'GLfloat', possible loss of data
  Material.cpp
  Mesh.cpp
  Model.cpp
D:\OpenGL\Projects\OpenGLGame\OpenGLGame\Source\Model.cpp(33,10): warning C4477: 'printf' : format string '%s' requires an argument of type 'char *', but variadic argument 1 has type 'const std::string'
D:\OpenGL\Projects\OpenGLGame\OpenGLGame\Source\Model.cpp(115,13): warning C4477: 'printf' : format string '%s' requires an argument of type 'char *', but variadic argument 1 has type 'std::string'
  Object.cpp
  Player.cpp
  PointLight.cpp
  Scene.cpp
D:\OpenGL\Projects\OpenGLGame\OpenGLGame\Source\Scene.cpp(192,31): warning C4244: 'initializing': conversion from 'double' to 'GLfloat', possible loss of data
  Shader.cpp
  Skybox.cpp
  SpotLight.cpp
  Texture.cpp
  Window.cpp
D:\OpenGL\Projects\OpenGLGame\OpenGLGame\Source\Window.h(15,42): warning C4244: 'return': conversion from 'const GLint' to 'GLfloat', possible loss of data
D:\OpenGL\Projects\OpenGLGame\OpenGLGame\Source\Window.h(16,43): warning C4244: 'return': conversion from 'const GLint' to 'GLfloat', possible loss of data
D:\OpenGL\Projects\OpenGLGame\OpenGLGame\Source\Window.cpp(127,22): warning C4244: '=': conversion from 'double' to 'GLfloat', possible loss of data
D:\OpenGL\Projects\OpenGLGame\OpenGLGame\Source\Window.cpp(128,22): warning C4244: '=': conversion from 'double' to 'GLfloat', possible loss of data
D:\OpenGL\Projects\OpenGLGame\OpenGLGame\Source\Window.cpp(132,28): warning C4244: '=': conversion from 'double' to 'GLfloat', possible loss of data
D:\OpenGL\Projects\OpenGLGame\OpenGLGame\Source\Window.cpp(133,40): warning C4244: '=': conversion from 'double' to 'GLfloat', possible loss of data
D:\OpenGL\Projects\OpenGLGame\OpenGLGame\Source\Window.cpp(135,21): warning C4244: '=': conversion from 'double' to 'GLfloat', possible loss of data
D:\OpenGL\Projects\OpenGLGame\OpenGLGame\Source\Window.cpp(136,21): warning C4244: '=': conversion from 'double' to 'GLfloat', possible loss of data
  Generating Code...
D:\OpenGL\Projects\OpenGLGame\OpenGLGame\Source\Window.cpp(77): warning C4715: 'Window::Initialise': not all control paths return a value
LINK : warning LNK4098: defaultlib 'MSVCRT' conflicts with use of other libs; use /NODEFAULTLIB:library
  OpenGLGame.vcxproj -> D:\OpenGL\Projects\OpenGLGame\Debug\OpenGLGame.exe
